c:\users\i.shushou\documents\日本ゲーム大賞\japangameawardsver3.1\debug\vc140.pdb
c:\users\i.shushou\documents\日本ゲーム大賞\japangameawardsver3.1\debug\vc140.idb
c:\users\i.shushou\documents\日本ゲーム大賞\japangameawardsver3.1\debug\gamemaster.obj
c:\users\i.shushou\documents\日本ゲーム大賞\japangameawardsver3.1\debug\hitcheck.obj
c:\users\i.shushou\documents\日本ゲーム大賞\japangameawardsver3.1\debug\input.obj
c:\users\i.shushou\documents\日本ゲーム大賞\japangameawardsver3.1\debug\inputmouse.obj
c:\users\i.shushou\documents\日本ゲーム大賞\japangameawardsver3.1\debug\main.obj
c:\users\i.shushou\documents\日本ゲーム大賞\japangameawardsver3.1\debug\particle.obj
c:\users\i.shushou\documents\日本ゲーム大賞\japangameawardsver3.1\debug\renderer.obj
c:\users\i.shushou\documents\日本ゲーム大賞\japangameawardsver3.1\debug\resultmanager.obj
c:\users\i.shushou\documents\日本ゲーム大賞\japangameawardsver3.1\debug\scene.obj
c:\users\i.shushou\documents\日本ゲーム大賞\japangameawardsver3.1\debug\scene2d.obj
c:\users\i.shushou\documents\日本ゲーム大賞\japangameawardsver3.1\debug\scenemanager.obj
c:\users\i.shushou\documents\日本ゲーム大賞\japangameawardsver3.1\debug\scenetradecision.obj
c:\users\i.shushou\documents\日本ゲーム大賞\japangameawardsver3.1\debug\scenetransition.obj
c:\users\i.shushou\documents\日本ゲーム大賞\japangameawardsver3.1\debug\sound.obj
c:\users\i.shushou\documents\日本ゲーム大賞\japangameawardsver3.1\debug\stageselect.obj
c:\users\i.shushou\documents\日本ゲーム大賞\japangameawardsver3.1\debug\tex.obj
c:\users\i.shushou\documents\日本ゲーム大賞\japangameawardsver3.1\debug\texmanager.obj
c:\users\i.shushou\documents\日本ゲーム大賞\japangameawardsver3.1\debug\tutorialmaster.obj
c:\users\i.shushou\documents\日本ゲーム大賞\japangameawardsver3.1\debug\tutorialmaster02.obj
c:\users\i.shushou\documents\日本ゲーム大賞\japangameawardsver3.1\debug\xinputgamepad.obj
c:\users\i.shushou\documents\日本ゲーム大賞\japangameawardsver3.1\debug\cretrybotton.obj
c:\users\i.shushou\documents\日本ゲーム大賞\japangameawardsver3.1\debug\cscenetrabotton.obj
c:\users\i.shushou\documents\日本ゲーム大賞\japangameawardsver3.1\debug\cresult.obj
c:\users\i.shushou\documents\日本ゲーム大賞\japangameawardsver3.1\debug\cresultscore.obj
c:\users\i.shushou\documents\日本ゲーム大賞\japangameawardsver3.1\debug\cscore.obj
c:\users\i.shushou\documents\日本ゲーム大賞\japangameawardsver3.1\debug\cscoregame.obj
c:\users\i.shushou\documents\日本ゲーム大賞\japangameawardsver3.1\debug\cscrollbar.obj
c:\users\i.shushou\documents\日本ゲーム大賞\japangameawardsver3.1\debug\cspring.obj
c:\users\i.shushou\documents\日本ゲーム大賞\japangameawardsver3.1\debug\cspringpushball.obj
c:\users\i.shushou\documents\日本ゲーム大賞\japangameawardsver3.1\debug\cspringpushplayer.obj
c:\users\i.shushou\documents\日本ゲーム大賞\japangameawardsver3.1\debug\cstagemaster.obj
c:\users\i.shushou\documents\日本ゲーム大賞\japangameawardsver3.1\debug\ctextbox.obj
c:\users\i.shushou\documents\日本ゲーム大賞\japangameawardsver3.1\debug\ctitle.obj
c:\users\i.shushou\documents\日本ゲーム大賞\japangameawardsver3.1\debug\ctitlemaster.obj
c:\users\i.shushou\documents\日本ゲーム大賞\japangameawardsver3.1\debug\ctitletrabotton.obj
c:\users\i.shushou\documents\日本ゲーム大賞\japangameawardsver3.1\debug\ctutorial.obj
c:\users\i.shushou\documents\日本ゲーム大賞\japangameawardsver3.1\debug\ctutorial02.obj
c:\users\i.shushou\documents\日本ゲーム大賞\japangameawardsver3.1\debug\ctutorialblack.obj
c:\users\i.shushou\documents\日本ゲーム大賞\japangameawardsver3.1\debug\cfontui.obj
c:\users\i.shushou\documents\日本ゲーム大賞\japangameawardsver3.1\debug\effect.obj
c:\users\i.shushou\documents\日本ゲーム大賞\japangameawardsver3.1\debug\ceditor.obj
c:\users\i.shushou\documents\日本ゲーム大賞\japangameawardsver3.1\debug\ceditorball.obj
c:\users\i.shushou\documents\日本ゲーム大賞\japangameawardsver3.1\debug\ceditoreraser.obj
c:\users\i.shushou\documents\日本ゲーム大賞\japangameawardsver3.1\debug\ceditorfloor.obj
c:\users\i.shushou\documents\日本ゲーム大賞\japangameawardsver3.1\debug\ceditorsetobj.obj
c:\users\i.shushou\documents\日本ゲーム大賞\japangameawardsver3.1\debug\ceditorspring.obj
c:\users\i.shushou\documents\日本ゲーム大賞\japangameawardsver3.1\debug\cfade.obj
c:\users\i.shushou\documents\日本ゲーム大賞\japangameawardsver3.1\debug\cfloor.obj
c:\users\i.shushou\documents\日本ゲーム大賞\japangameawardsver3.1\debug\cexplosion.obj
c:\users\i.shushou\documents\日本ゲーム大賞\japangameawardsver3.1\debug\cfontuieffect.obj
c:\users\i.shushou\documents\日本ゲーム大賞\japangameawardsver3.1\debug\cgame.obj
c:\users\i.shushou\documents\日本ゲーム大賞\japangameawardsver3.1\debug\cgamestage.obj
c:\users\i.shushou\documents\日本ゲーム大賞\japangameawardsver3.1\debug\cmouseclickzone.obj
c:\users\i.shushou\documents\日本ゲーム大賞\japangameawardsver3.1\debug\cnextbotton.obj
c:\users\i.shushou\documents\日本ゲーム大賞\japangameawardsver3.1\debug\cnumber.obj
c:\users\i.shushou\documents\日本ゲーム大賞\japangameawardsver3.1\debug\cnumbergame.obj
c:\users\i.shushou\documents\日本ゲーム大賞\japangameawardsver3.1\debug\cplayer.obj
c:\users\i.shushou\documents\日本ゲーム大賞\japangameawardsver3.1\debug\cplayerarrow.obj
c:\users\i.shushou\documents\日本ゲーム大賞\japangameawardsver3.1\debug\cplayerguild.obj
c:\users\i.shushou\documents\日本ゲーム大賞\japangameawardsver3.1\debug\cplayerselecter.obj
c:\users\i.shushou\documents\日本ゲーム大賞\japangameawardsver3.1\debug\cbackground.obj
c:\users\i.shushou\documents\日本ゲーム大賞\japangameawardsver3.1\debug\cball.obj
c:\users\i.shushou\documents\日本ゲーム大賞\japangameawardsver3.1\debug\cearthquake.obj
c:\users\i.shushou\documents\日本ゲーム大賞\japangameawardsver3.2\debug\vc140.pdb
c:\users\i.shushou\documents\日本ゲーム大賞\japangameawardsver3.2\debug\vc140.idb
c:\users\i.shushou\documents\日本ゲーム大賞\japangameawardsver3.2\debug\gamemaster.obj
c:\users\i.shushou\documents\日本ゲーム大賞\japangameawardsver3.2\debug\hitcheck.obj
c:\users\i.shushou\documents\日本ゲーム大賞\japangameawardsver3.2\debug\input.obj
c:\users\i.shushou\documents\日本ゲーム大賞\japangameawardsver3.2\debug\inputmouse.obj
c:\users\i.shushou\documents\日本ゲーム大賞\japangameawardsver3.2\debug\main.obj
c:\users\i.shushou\documents\日本ゲーム大賞\japangameawardsver3.2\debug\particle.obj
c:\users\i.shushou\documents\日本ゲーム大賞\japangameawardsver3.2\debug\renderer.obj
c:\users\i.shushou\documents\日本ゲーム大賞\japangameawardsver3.2\debug\resultmanager.obj
c:\users\i.shushou\documents\日本ゲーム大賞\japangameawardsver3.2\debug\scene.obj
c:\users\i.shushou\documents\日本ゲーム大賞\japangameawardsver3.2\debug\scene2d.obj
c:\users\i.shushou\documents\日本ゲーム大賞\japangameawardsver3.2\debug\scenemanager.obj
c:\users\i.shushou\documents\日本ゲーム大賞\japangameawardsver3.2\debug\scenetradecision.obj
c:\users\i.shushou\documents\日本ゲーム大賞\japangameawardsver3.2\debug\scenetransition.obj
c:\users\i.shushou\documents\日本ゲーム大賞\japangameawardsver3.2\debug\sound.obj
c:\users\i.shushou\documents\日本ゲーム大賞\japangameawardsver3.2\debug\stageselect.obj
c:\users\i.shushou\documents\日本ゲーム大賞\japangameawardsver3.2\debug\tex.obj
c:\users\i.shushou\documents\日本ゲーム大賞\japangameawardsver3.2\debug\texmanager.obj
c:\users\i.shushou\documents\日本ゲーム大賞\japangameawardsver3.2\debug\tutorialmaster.obj
c:\users\i.shushou\documents\日本ゲーム大賞\japangameawardsver3.2\debug\tutorialmaster02.obj
c:\users\i.shushou\documents\日本ゲーム大賞\japangameawardsver3.2\debug\xinputgamepad.obj
c:\users\i.shushou\documents\日本ゲーム大賞\japangameawardsver3.2\debug\cretrybotton.obj
c:\users\i.shushou\documents\日本ゲーム大賞\japangameawardsver3.2\debug\cscenetrabotton.obj
c:\users\i.shushou\documents\日本ゲーム大賞\japangameawardsver3.2\debug\cresult.obj
c:\users\i.shushou\documents\日本ゲーム大賞\japangameawardsver3.2\debug\cresultscore.obj
c:\users\i.shushou\documents\日本ゲーム大賞\japangameawardsver3.2\debug\cscore.obj
c:\users\i.shushou\documents\日本ゲーム大賞\japangameawardsver3.2\debug\cscoregame.obj
c:\users\i.shushou\documents\日本ゲーム大賞\japangameawardsver3.2\debug\cscrollbar.obj
c:\users\i.shushou\documents\日本ゲーム大賞\japangameawardsver3.2\debug\cspring.obj
c:\users\i.shushou\documents\日本ゲーム大賞\japangameawardsver3.2\debug\cspringpushball.obj
c:\users\i.shushou\documents\日本ゲーム大賞\japangameawardsver3.2\debug\cspringpushplayer.obj
c:\users\i.shushou\documents\日本ゲーム大賞\japangameawardsver3.2\debug\cstagemaster.obj
c:\users\i.shushou\documents\日本ゲーム大賞\japangameawardsver3.2\debug\ctextbox.obj
c:\users\i.shushou\documents\日本ゲーム大賞\japangameawardsver3.2\debug\ctitle.obj
c:\users\i.shushou\documents\日本ゲーム大賞\japangameawardsver3.2\debug\ctitlemaster.obj
c:\users\i.shushou\documents\日本ゲーム大賞\japangameawardsver3.2\debug\ctitletrabotton.obj
c:\users\i.shushou\documents\日本ゲーム大賞\japangameawardsver3.2\debug\ctutorial.obj
c:\users\i.shushou\documents\日本ゲーム大賞\japangameawardsver3.2\debug\ctutorial02.obj
c:\users\i.shushou\documents\日本ゲーム大賞\japangameawardsver3.2\debug\ctutorialblack.obj
c:\users\i.shushou\documents\日本ゲーム大賞\japangameawardsver3.2\debug\cfontui.obj
c:\users\i.shushou\documents\日本ゲーム大賞\japangameawardsver3.2\debug\effect.obj
c:\users\i.shushou\documents\日本ゲーム大賞\japangameawardsver3.2\debug\ceditor.obj
c:\users\i.shushou\documents\日本ゲーム大賞\japangameawardsver3.2\debug\ceditorball.obj
c:\users\i.shushou\documents\日本ゲーム大賞\japangameawardsver3.2\debug\ceditoreraser.obj
c:\users\i.shushou\documents\日本ゲーム大賞\japangameawardsver3.2\debug\ceditorfloor.obj
c:\users\i.shushou\documents\日本ゲーム大賞\japangameawardsver3.2\debug\ceditorsetobj.obj
c:\users\i.shushou\documents\日本ゲーム大賞\japangameawardsver3.2\debug\ceditorspring.obj
c:\users\i.shushou\documents\日本ゲーム大賞\japangameawardsver3.2\debug\cfade.obj
c:\users\i.shushou\documents\日本ゲーム大賞\japangameawardsver3.2\debug\cfloor.obj
c:\users\i.shushou\documents\日本ゲーム大賞\japangameawardsver3.2\debug\cexplosion.obj
c:\users\i.shushou\documents\日本ゲーム大賞\japangameawardsver3.2\debug\cfontuieffect.obj
c:\users\i.shushou\documents\日本ゲーム大賞\japangameawardsver3.2\debug\cgame.obj
c:\users\i.shushou\documents\日本ゲーム大賞\japangameawardsver3.2\debug\cgamestage.obj
c:\users\i.shushou\documents\日本ゲーム大賞\japangameawardsver3.2\debug\cmouseclickzone.obj
c:\users\i.shushou\documents\日本ゲーム大賞\japangameawardsver3.2\debug\cnextbotton.obj
c:\users\i.shushou\documents\日本ゲーム大賞\japangameawardsver3.2\debug\cnumber.obj
c:\users\i.shushou\documents\日本ゲーム大賞\japangameawardsver3.2\debug\cnumbergame.obj
c:\users\i.shushou\documents\日本ゲーム大賞\japangameawardsver3.2\debug\cplayer.obj
c:\users\i.shushou\documents\日本ゲーム大賞\japangameawardsver3.2\debug\cplayerarrow.obj
c:\users\i.shushou\documents\日本ゲーム大賞\japangameawardsver3.2\debug\cplayerguild.obj
c:\users\i.shushou\documents\日本ゲーム大賞\japangameawardsver3.2\debug\cplayerselecter.obj
c:\users\i.shushou\documents\日本ゲーム大賞\japangameawardsver3.2\debug\cbackground.obj
c:\users\i.shushou\documents\日本ゲーム大賞\japangameawardsver3.2\debug\cball.obj
c:\users\i.shushou\documents\日本ゲーム大賞\japangameawardsver3.2\debug\cearthquake.obj
c:\users\i.shushou\documents\日本ゲーム大賞\japangameawardsver3.2\debug\cjudge.obj
c:\users\i.shushou\documents\日本ゲーム大賞\japangameawardsver3.2\debug\cjudgement.obj
c:\users\i.shushou\documents\日本ゲーム大賞\japangameawardsver3.2\debug\cplayerselecteref.obj
c:\users\i.shushou\documents\日本ゲーム大賞\japangameawardsver3.1\showpolygonc++.ilk
c:\users\i.shushou\documents\日本ゲーム大賞\japangameawardsver3.1\showpolygonc++.exe
c:\users\i.shushou\documents\日本ゲーム大賞\japangameawardsver3.1\showpolygonc++.pdb
c:\users\i.shushou\documents\日本ゲーム大賞\japangameawardsver3.2\showpolygonc++.ilk
c:\users\i.shushou\documents\日本ゲーム大賞\japangameawardsver3.2\showpolygonc++.exe
c:\users\i.shushou\documents\日本ゲーム大賞\japangameawardsver3.2\showpolygonc++.pdb
c:\users\i.shushou\documents\日本ゲーム大賞\japangameawardsver3.2\debug\showpolygonc++.tlog\cl.command.1.tlog
c:\users\i.shushou\documents\日本ゲーム大賞\japangameawardsver3.2\debug\showpolygonc++.tlog\cl.read.1.tlog
c:\users\i.shushou\documents\日本ゲーム大賞\japangameawardsver3.2\debug\showpolygonc++.tlog\cl.write.1.tlog
c:\users\i.shushou\documents\日本ゲーム大賞\japangameawardsver3.2\debug\showpolygonc++.tlog\link.command.1.tlog
c:\users\i.shushou\documents\日本ゲーム大賞\japangameawardsver3.2\debug\showpolygonc++.tlog\link.read.1.tlog
c:\users\i.shushou\documents\日本ゲーム大賞\japangameawardsver3.2\debug\showpolygonc++.tlog\link.write.1.tlog
